[0m[[0m[0mdebug[0m] [0m[0m> Exec(test, Some(a77688d2-9855-490d-a2c3-94c9462c2f38), Some(CommandSource(console0)))[0m
[0m[[0m[0mdebug[0m] [0m[0mEvaluating tasks: Test / test[0m
[0m[[0m[0mdebug[0m] [0m[0mRunning task... Cancel: Signal, check cycles: false, forcegc: true[0m
[0m[[0m[0minfo[0m] [0m[0mcompiling 3 Scala sources to /home/victor/Documents/1-Software-Development/trainee_program_scala/1-scala_professional/1-initial_setup/LSL-P-lightbend-scala-language-professional/exercises/exercises/target/scala-2.13/test-classes ...[0m
[0m[[0m[0minfo[0m] [0m[0m[32mTrainSpec:[0m[0m
[0m[[0m[0minfo[0m] [0m[0m[32mCreating a Train[0m[0m
[0m[[0m[0minfo[0m] [0m[0m[32m- should throw an IllegalArgumentException for a schedule with 0 or 1 elements[0m[0m
[0m[[0m[0minfo[0m] [0m[0m[32mTimeSpec:[0m[0m
[0m[[0m[0minfo[0m] [0m[0m[32mCreating a Time[0m[0m
[0m[[0m[0minfo[0m] [0m[0m[32m- should throw an IllegalArgumentException for hours not within 0 and 23[0m[0m
[0m[[0m[0minfo[0m] [0m[0m[32m- should throw an IllegalArgumentException for minutes not within 0 and 59[0m[0m
[0m[[0m[0minfo[0m] [0m[0m[32mThe default arguments for hours and minutes[0m[0m
[0m[[0m[0minfo[0m] [0m[0m[32m- should be equal to 0[0m[0m
[0m[[0m[0minfo[0m] [0m[0m[32masMinutes[0m[0m
[0m[[0m[0minfo[0m] [0m[0m[32m- should be initialized correctly[0m[0m
[0m[[0m[0minfo[0m] [0m[0m[32mCalling minus or -[0m[0m
[0m[[0m[0minfo[0m] [0m[0m[32m- should return the correct difference in minutes[0m[0m
[0m[[0m[0minfo[0m] [0m[0m[36mRun completed in 2 seconds, 559 milliseconds.[0m[0m
[0m[[0m[0minfo[0m] [0m[0m[36mTotal number of tests run: 6[0m[0m
[0m[[0m[0minfo[0m] [0m[0m[36mSuites: completed 2, aborted 0[0m[0m
[0m[[0m[0minfo[0m] [0m[0m[36mTests: succeeded 6, failed 0, canceled 0, ignored 0, pending 0[0m[0m
[0m[[0m[0minfo[0m] [0m[0m[32mAll tests passed.[0m[0m
[0m[[0m[32msuccess[0m] [0m[0mTotal time: 13 s, completed Jul 16, 2022, 11:41:23 AM[0m
[0m[[0m[0mdebug[0m] [0m[0m> Exec(shell, None, None)[0m
[0m[[0m[0mdebug[0m] [0m[0mForcing garbage collection...[0m
[0m[[0m[0minfo[0m] [0m[0mshutting down sbt server[0m
