[0m[[0m[0mdebug[0m] [0m[0m> Exec(early(addDefaultCommands), None, None)[0m
[0m[[0m[0mdebug[0m] [0m[0m> Exec(addDefaultCommands, None, None)[0m
[0m[[0m[0mdebug[0m] [0m[0m> Exec(early(initialize), None, None)[0m
[0m[[0m[0mdebug[0m] [0m[0m> Exec(initialize, None, None)[0m
[0m[[0m[0mdebug[0m] [0m[0m> Exec(boot, None, None)[0m
[0m[[0m[0mdebug[0m] [0m[0m> Exec(writeSbtVersion, None, None)[0m
[0m[[0m[0mdebug[0m] [0m[0m> Exec(reload, None, None)[0m
[0m[[0m[0mdebug[0m] [0m[0m> Exec(sbtStashOnFailure, None, None)[0m
[0m[[0m[0mdebug[0m] [0m[0m> Exec(onFailure loadFailed, None, None)[0m
[0m[[0m[0mdebug[0m] [0m[0m> Exec(loadp, None, None)[0m
[0m[[0m[0minfo[0m] [0m[0mwelcome to sbt 1.4.6 (Private Build Java 11.0.15)[0m
[0m[[0m[0mdebug[0m] [0m[0mLoad.defaultLoad until apply took 655.068698ms[0m
[0m[[0m[0mdebug[0m] [0m[0m          Load.loadUnit: plugins took 75.527376ms[0m
[0m[[0m[0mdebug[0m] [0m[0m          Load.loadUnit: defsScala took 0.371189ms[0m
[0m[[0m[0mdebug[0m] [0m[0m[Loading] Scanning directory /home/victor/Documents/1-Software-Development/trainee_program_scala/1-scala_professional/1-initial_setup/LSL-P-lightbend-scala-language-professional/exercises/project[0m
[0m[[0m[0mdebug[0m] [0m[0m            Load.loadUnit: mkEval took 6.1117ms[0m
[0m[[0m[0mdebug[0m] [0m[0m[Loading] Found non-root projects [0m
[0m[[0m[0mdebug[0m] [0m[0m[Loading] Done in /home/victor/Documents/1-Software-Development/trainee_program_scala/1-scala_professional/1-initial_setup/LSL-P-lightbend-scala-language-professional/exercises/project, returning: ()[0m
[0m[[0m[0mdebug[0m] [0m[0mdeducing auto plugins based on known facts Set(Atom(sbt.plugins.CorePlugin)) and clauses Clauses(List(Clause(Atom(sbt.plugins.JvmPlugin),Set(Atom(sbt.plugins.IvyPlugin))), Clause(Atom(sbt.ScriptedPlugin),Set(Atom(sbt.plugins.JvmPlugin))), Clause(Atom(sbt.plugins.SbtPlugin),Set(Atom(sbt.ScriptedPlugin))), Clause(Atom(sbt.plugins.SemanticdbPlugin),Set(Atom(sbt.plugins.JvmPlugin))), Clause(Atom(sbt.plugins.JUnitXmlReportPlugin),Set(Atom(sbt.plugins.JvmPlugin))), Clause(Atom(sbt.plugins.MiniDependencyTreePlugin),Set(Atom(sbt.plugins.JvmPlugin))), Clause(Atom(sbt.plugins.CorePlugin),Set(Atom(sbt.plugins.IvyPlugin))), Clause(Atom(sbt.plugins.IvyPlugin),Set(Atom(sbt.plugins.JvmPlugin))), Clause(Atom(sbt.plugins.JvmPlugin),Set(Atom(sbt.plugins.SemanticdbPlugin))), Clause(Atom(sbt.plugins.JvmPlugin),Set(Atom(sbt.plugins.JUnitXmlReportPlugin))), Clause(Atom(sbt.plugins.CorePlugin),Set(Atom(sbt.plugins.Giter8TemplatePlugin))), Clause(Atom(sbt.plugins.JvmPlugin),Set(Atom(sbt.plugins.MiniDependencyTreePlugin)))))[0m
[0m[[0m[0mdebug[0m] [0m[0m  :: deduced result: Matched(sbt.plugins.CorePlugin,sbt.plugins.Giter8TemplatePlugin,sbt.plugins.IvyPlugin,sbt.plugins.JvmPlugin,sbt.plugins.MiniDependencyTreePlugin,sbt.plugins.JUnitXmlReportPlugin,sbt.plugins.SemanticdbPlugin)[0m
[0m[[0m[0mdebug[0m] [0m[0mPlugins.deducer#function took 22.847107 ms[0m
[0m[[0m[0minfo[0m] [0m[0mloading settings for project exercises-build from plugins.sbt ...[0m
[0m[[0m[0mdebug[0m] [0m[0m              Load.resolveProject(exercises-build) took 60.63315ms[0m
[0m[[0m[0mdebug[0m] [0m[0m            Load.loadTransitive: finalizeProject(Project(id exercises-build, base: /home/victor/Documents/1-Software-Development/trainee_program_scala/1-scala_professional/1-initial_setup/LSL-P-lightbend-scala-language-professional/exercises/project, plugins: List(<none>))) took 113.80422ms[0m
[0m[[0m[0mdebug[0m] [0m[0m[Loading] Done in /home/victor/Documents/1-Software-Development/trainee_program_scala/1-scala_professional/1-initial_setup/LSL-P-lightbend-scala-language-professional/exercises/project, returning: (exercises-build)[0m
[0m[[0m[0mdebug[0m] [0m[0m          Load.loadUnit: loadedProjectsRaw took 416.984301ms[0m
[0m[[0m[0mdebug[0m] [0m[0m          Load.loadUnit: cleanEvalClasses took 10.000203ms[0m
[0m[[0m[0mdebug[0m] [0m[0m        Load.loadUnit(file:/home/victor/Documents/1-Software-Development/trainee_program_scala/1-scala_professional/1-initial_setup/LSL-P-lightbend-scala-language-professional/exercises/project/, ...) took 509.572491ms[0m
[0m[[0m[0mdebug[0m] [0m[0m      Load.apply: load took 671.11123ms[0m
[0m[[0m[0mdebug[0m] [0m[0m      Load.apply: resolveProjects took 8.312197ms[0m
[0m[[0m[0mdebug[0m] [0m[0m      Load.apply: finalTransforms took 96.645336ms[0m
[0m[[0m[0mdebug[0m] [0m[0m      Load.apply: config.delegates took 10.123715ms[0m
[0m[[0m[0mdebug[0m] [0m[0m      Load.apply: Def.make(settings)... took 528.804578ms[0m
[0m[[0m[0mdebug[0m] [0m[0m      Load.apply: structureIndex took 136.546923ms[0m
[0m[[0m[0mdebug[0m] [0m[0m      Load.apply: mkStreams took 1.920107ms[0m
[0m[[0m[0minfo[0m] [0m[0mloading project definition from /home/victor/Documents/1-Software-Development/trainee_program_scala/1-scala_professional/1-initial_setup/LSL-P-lightbend-scala-language-professional/exercises/project[0m
[0m[[0m[0mdebug[0m] [0m[0mRunning task... Cancel: Signal, check cycles: false, forcegc: true[0m
[0m[[0m[0mdebug[0m] [0m[0m    Load.loadUnit: plugins took 4596.341613ms[0m
[0m[[0m[0mdebug[0m] [0m[0m    Load.loadUnit: defsScala took 0.010491ms[0m
[0m[[0m[0mdebug[0m] [0m[0m[Loading] Scanning directory /home/victor/Documents/1-Software-Development/trainee_program_scala/1-scala_professional/1-initial_setup/LSL-P-lightbend-scala-language-professional/exercises[0m
[0m[[0m[0mdebug[0m] [0m[0m      Load.loadUnit: mkEval took 0.2721ms[0m
[0m[[0m[0mdebug[0m] [0m[0m[Loading] Found root project base w/ remaining common,exercises[0m
[0m[[0m[0mdebug[0m] [0m[0mdeducing auto plugins based on known facts Set(Atom(sbt.plugins.CorePlugin)) and clauses Clauses(List(Clause(Atom(sbt.plugins.JvmPlugin),Set(Atom(sbt.plugins.IvyPlugin))), Clause(Atom(sbt.ScriptedPlugin),Set(Atom(sbt.plugins.JvmPlugin))), Clause(Atom(sbt.plugins.SbtPlugin),Set(Atom(sbt.ScriptedPlugin))), Clause(Atom(sbt.plugins.SemanticdbPlugin),Set(Atom(sbt.plugins.JvmPlugin))), Clause(Atom(sbt.plugins.JUnitXmlReportPlugin),Set(Atom(sbt.plugins.JvmPlugin))), Clause(Atom(sbt.plugins.MiniDependencyTreePlugin),Set(Atom(sbt.plugins.JvmPlugin))), Clause(Atom(com.typesafe.sbteclipse.plugin.EclipsePlugin),Set(Atom(sbt.plugins.JvmPlugin))), Clause(Atom(com.typesafe.sbt.MultiJvmPlugin),Set(Atom(sbt.plugins.JvmPlugin))), Clause(Atom(sbtassembly.AssemblyPlugin),Set(Atom(sbt.plugins.JvmPlugin))), Clause(Atom(SavedStates),Set(Atom(sbt.plugins.JvmPlugin))), Clause(Atom(ShellPrompt),Set(Atom(sbt.plugins.JvmPlugin))), Clause(Atom(Man),Set(Atom(sbt.plugins.JvmPlugin))), Clause(Atom(Navigation),Set(Atom(sbt.plugins.JvmPlugin))), Clause(Atom(sbt.plugins.CorePlugin),Set(Atom(sbt.plugins.IvyPlugin))), Clause(Atom(sbt.plugins.IvyPlugin),Set(Atom(sbt.plugins.JvmPlugin))), Clause(Atom(sbt.plugins.JvmPlugin),Set(Atom(sbt.plugins.SemanticdbPlugin))), Clause(Atom(sbt.plugins.JvmPlugin),Set(Atom(sbt.plugins.JUnitXmlReportPlugin))), Clause(Atom(sbt.plugins.CorePlugin),Set(Atom(sbt.plugins.Giter8TemplatePlugin))), Clause(Atom(sbt.plugins.JvmPlugin),Set(Atom(sbt.plugins.MiniDependencyTreePlugin))), Clause(Atom(sbt.plugins.JvmPlugin),Set(Atom(com.typesafe.sbteclipse.plugin.EclipsePlugin))), Clause(Atom(sbt.plugins.JvmPlugin),Set(Atom(sbtassembly.AssemblyPlugin))), Clause(Atom(sbt.plugins.JvmPlugin),Set(Atom(SavedStates))), Clause(Atom(sbt.plugins.JvmPlugin),Set(Atom(ShellPrompt))), Clause(Atom(sbt.plugins.JvmPlugin),Set(Atom(Man))), Clause(Atom(sbt.plugins.JvmPlugin),Set(Atom(Navigation)))))[0m
[0m[[0m[0mdebug[0m] [0m[0m  :: deduced result: Matched(sbt.plugins.CorePlugin,sbt.plugins.Giter8TemplatePlugin,sbt.plugins.IvyPlugin,sbt.plugins.JvmPlugin,Navigation,ShellPrompt,SavedStates,com.typesafe.sbteclipse.plugin.EclipsePlugin,sbt.plugins.SemanticdbPlugin,sbt.plugins.JUnitXmlReportPlugin,sbtassembly.AssemblyPlugin,sbt.plugins.MiniDependencyTreePlugin,Man)[0m
[0m[[0m[0mdebug[0m] [0m[0mPlugins.deducer#function took 4.050856 ms[0m
[0m[[0m[0minfo[0m] [0m[0mloading settings for project base from build.sbt ...[0m
[0m[[0m[0mdebug[0m] [0m[0m        Load.resolveProject(base) took 47.217476ms[0m
[0m[[0m[0mdebug[0m] [0m[0m      Load.loadTransitive: finalizeProject(Project(id base, base: /home/victor/Documents/1-Software-Development/trainee_program_scala/1-scala_professional/1-initial_setup/LSL-P-lightbend-scala-language-professional/exercises, aggregate: List(LocalProject(common), LocalProject(exercises)), plugins: List(<none>))) took 53.053864ms[0m
[0m[[0m[0mdebug[0m] [0m[0m[Loading] Loading project common @ /home/victor/Documents/1-Software-Development/trainee_program_scala/1-scala_professional/1-initial_setup/LSL-P-lightbend-scala-language-professional/exercises/common[0m
[0m[[0m[0mdebug[0m] [0m[0mdeducing auto plugins based on known facts Set(Atom(sbt.plugins.CorePlugin)) and clauses Clauses(List(Clause(Atom(sbt.plugins.JvmPlugin),Set(Atom(sbt.plugins.IvyPlugin))), Clause(Atom(sbt.ScriptedPlugin),Set(Atom(sbt.plugins.JvmPlugin))), Clause(Atom(sbt.plugins.SbtPlugin),Set(Atom(sbt.ScriptedPlugin))), Clause(Atom(sbt.plugins.SemanticdbPlugin),Set(Atom(sbt.plugins.JvmPlugin))), Clause(Atom(sbt.plugins.JUnitXmlReportPlugin),Set(Atom(sbt.plugins.JvmPlugin))), Clause(Atom(sbt.plugins.MiniDependencyTreePlugin),Set(Atom(sbt.plugins.JvmPlugin))), Clause(Atom(com.typesafe.sbteclipse.plugin.EclipsePlugin),Set(Atom(sbt.plugins.JvmPlugin))), Clause(Atom(com.typesafe.sbt.MultiJvmPlugin),Set(Atom(sbt.plugins.JvmPlugin))), Clause(Atom(sbtassembly.AssemblyPlugin),Set(Atom(sbt.plugins.JvmPlugin))), Clause(Atom(SavedStates),Set(Atom(sbt.plugins.JvmPlugin))), Clause(Atom(ShellPrompt),Set(Atom(sbt.plugins.JvmPlugin))), Clause(Atom(Man),Set(Atom(sbt.plugins.JvmPlugin))), Clause(Atom(Navigation),Set(Atom(sbt.plugins.JvmPlugin))), Clause(Atom(sbt.plugins.CorePlugin),Set(Atom(sbt.plugins.IvyPlugin))), Clause(Atom(sbt.plugins.IvyPlugin),Set(Atom(sbt.plugins.JvmPlugin))), Clause(Atom(sbt.plugins.JvmPlugin),Set(Atom(sbt.plugins.SemanticdbPlugin))), Clause(Atom(sbt.plugins.JvmPlugin),Set(Atom(sbt.plugins.JUnitXmlReportPlugin))), Clause(Atom(sbt.plugins.CorePlugin),Set(Atom(sbt.plugins.Giter8TemplatePlugin))), Clause(Atom(sbt.plugins.JvmPlugin),Set(Atom(sbt.plugins.MiniDependencyTreePlugin))), Clause(Atom(sbt.plugins.JvmPlugin),Set(Atom(com.typesafe.sbteclipse.plugin.EclipsePlugin))), Clause(Atom(sbt.plugins.JvmPlugin),Set(Atom(sbtassembly.AssemblyPlugin))), Clause(Atom(sbt.plugins.JvmPlugin),Set(Atom(SavedStates))), Clause(Atom(sbt.plugins.JvmPlugin),Set(Atom(ShellPrompt))), Clause(Atom(sbt.plugins.JvmPlugin),Set(Atom(Man))), Clause(Atom(sbt.plugins.JvmPlugin),Set(Atom(Navigation)))))[0m
[0m[[0m[0mdebug[0m] [0m[0m  :: deduced result: Matched(sbt.plugins.CorePlugin,sbt.plugins.Giter8TemplatePlugin,sbt.plugins.IvyPlugin,sbt.plugins.JvmPlugin,Navigation,ShellPrompt,SavedStates,com.typesafe.sbteclipse.plugin.EclipsePlugin,sbt.plugins.SemanticdbPlugin,sbt.plugins.JUnitXmlReportPlugin,sbtassembly.AssemblyPlugin,sbt.plugins.MiniDependencyTreePlugin,Man)[0m
[0m[[0m[0mdebug[0m] [0m[0mPlugins.deducer#function took 3.417212 ms[0m
[0m[[0m[0minfo[0m] [0m[0mloading settings for project common from build.sbt ...[0m
[0m[[0m[0mdebug[0m] [0m[0m      Load.resolveProject(common) took 4.137645ms[0m
[0m[[0m[0mdebug[0m] [0m[0m[Loading] Loading project exercises @ /home/victor/Documents/1-Software-Development/trainee_program_scala/1-scala_professional/1-initial_setup/LSL-P-lightbend-scala-language-professional/exercises/exercises[0m
[0m[[0m[0mdebug[0m] [0m[0mdeducing auto plugins based on known facts Set(Atom(sbt.plugins.CorePlugin)) and clauses Clauses(List(Clause(Atom(sbt.plugins.JvmPlugin),Set(Atom(sbt.plugins.IvyPlugin))), Clause(Atom(sbt.ScriptedPlugin),Set(Atom(sbt.plugins.JvmPlugin))), Clause(Atom(sbt.plugins.SbtPlugin),Set(Atom(sbt.ScriptedPlugin))), Clause(Atom(sbt.plugins.SemanticdbPlugin),Set(Atom(sbt.plugins.JvmPlugin))), Clause(Atom(sbt.plugins.JUnitXmlReportPlugin),Set(Atom(sbt.plugins.JvmPlugin))), Clause(Atom(sbt.plugins.MiniDependencyTreePlugin),Set(Atom(sbt.plugins.JvmPlugin))), Clause(Atom(com.typesafe.sbteclipse.plugin.EclipsePlugin),Set(Atom(sbt.plugins.JvmPlugin))), Clause(Atom(com.typesafe.sbt.MultiJvmPlugin),Set(Atom(sbt.plugins.JvmPlugin))), Clause(Atom(sbtassembly.AssemblyPlugin),Set(Atom(sbt.plugins.JvmPlugin))), Clause(Atom(SavedStates),Set(Atom(sbt.plugins.JvmPlugin))), Clause(Atom(ShellPrompt),Set(Atom(sbt.plugins.JvmPlugin))), Clause(Atom(Man),Set(Atom(sbt.plugins.JvmPlugin))), Clause(Atom(Navigation),Set(Atom(sbt.plugins.JvmPlugin))), Clause(Atom(sbt.plugins.CorePlugin),Set(Atom(sbt.plugins.IvyPlugin))), Clause(Atom(sbt.plugins.IvyPlugin),Set(Atom(sbt.plugins.JvmPlugin))), Clause(Atom(sbt.plugins.JvmPlugin),Set(Atom(sbt.plugins.SemanticdbPlugin))), Clause(Atom(sbt.plugins.JvmPlugin),Set(Atom(sbt.plugins.JUnitXmlReportPlugin))), Clause(Atom(sbt.plugins.CorePlugin),Set(Atom(sbt.plugins.Giter8TemplatePlugin))), Clause(Atom(sbt.plugins.JvmPlugin),Set(Atom(sbt.plugins.MiniDependencyTreePlugin))), Clause(Atom(sbt.plugins.JvmPlugin),Set(Atom(com.typesafe.sbteclipse.plugin.EclipsePlugin))), Clause(Atom(sbt.plugins.JvmPlugin),Set(Atom(sbtassembly.AssemblyPlugin))), Clause(Atom(sbt.plugins.JvmPlugin),Set(Atom(SavedStates))), Clause(Atom(sbt.plugins.JvmPlugin),Set(Atom(ShellPrompt))), Clause(Atom(sbt.plugins.JvmPlugin),Set(Atom(Man))), Clause(Atom(sbt.plugins.JvmPlugin),Set(Atom(Navigation)))))[0m
[0m[[0m[0mdebug[0m] [0m[0m  :: deduced result: Matched(sbt.plugins.CorePlugin,sbt.plugins.Giter8TemplatePlugin,sbt.plugins.IvyPlugin,sbt.plugins.JvmPlugin,Navigation,ShellPrompt,SavedStates,com.typesafe.sbteclipse.plugin.EclipsePlugin,sbt.plugins.SemanticdbPlugin,sbt.plugins.JUnitXmlReportPlugin,sbtassembly.AssemblyPlugin,sbt.plugins.MiniDependencyTreePlugin,Man)[0m
[0m[[0m[0mdebug[0m] [0m[0mPlugins.deducer#function took 3.196191 ms[0m
[0m[[0m[0minfo[0m] [0m[0mloading settings for project exercises from build.sbt ...[0m
[0m[[0m[0mdebug[0m] [0m[0m      Load.resolveProject(exercises) took 4.246522ms[0m
[0m[[0m[0mdebug[0m] [0m[0m[Loading] Done in /home/victor/Documents/1-Software-Development/trainee_program_scala/1-scala_professional/1-initial_setup/LSL-P-lightbend-scala-language-professional/exercises, returning: (base, common, exercises)[0m
[0m[[0m[0mdebug[0m] [0m[0m    Load.loadUnit: loadedProjectsRaw took 172.600504ms[0m
[0m[[0m[0mdebug[0m] [0m[0m    Load.loadUnit: cleanEvalClasses took 1.903472ms[0m
[0m[[0m[0mdebug[0m] [0m[0m  Load.loadUnit(file:/home/victor/Documents/1-Software-Development/trainee_program_scala/1-scala_professional/1-initial_setup/LSL-P-lightbend-scala-language-professional/exercises/, ...) took 4776.201333ms[0m
[0m[[0m[0mdebug[0m] [0m[0mLoad.apply: load took 4801.638447ms[0m
[0m[[0m[0mdebug[0m] [0m[0mLoad.apply: resolveProjects took 1.165023ms[0m
[0m[[0m[0mdebug[0m] [0m[0mLoad.apply: finalTransforms took 95.066334ms[0m
[0m[[0m[0mdebug[0m] [0m[0mLoad.apply: config.delegates took 1.13081ms[0m
[0m[[0m[0mdebug[0m] [0m[0mLoad.apply: Def.make(settings)... took 368.467883ms[0m
[0m[[0m[0mdebug[0m] [0m[0mLoad.apply: structureIndex took 132.330548ms[0m
[0m[[0m[0mdebug[0m] [0m[0mLoad.apply: mkStreams took 0.00314ms[0m
[0m[[0m[0minfo[0m] [0m[0mset current project to base (in build file:/home/victor/Documents/1-Software-Development/trainee_program_scala/1-scala_professional/1-initial_setup/LSL-P-lightbend-scala-language-professional/exercises/)[0m
[0m[[0m[0minfo[0m] [0m[0mset current project to exercises (in build file:/home/victor/Documents/1-Software-Development/trainee_program_scala/1-scala_professional/1-initial_setup/LSL-P-lightbend-scala-language-professional/exercises/)[0m
[0m[[0m[33mwarn[0m] [0m[0mthere are 10 keys that are not used by any other settings/tasks:[0m
[0m[[0m[33mwarn[0m] [0m[0m [0m
[0m[[0m[33mwarn[0m] [0m[0m* ThisBuild / eclipseSkipParents[0m
[0m[[0m[33mwarn[0m] [0m[0m  +- /home/victor/Documents/1-Software-Development/trainee_program_scala/1-scala_professional/1-initial_setup/LSL-P-lightbend-scala-language-professional/exercises/project/CommonSettings.scala:16[0m
[0m[[0m[33mwarn[0m] [0m[0m* base / eclipseEclipseOutput[0m
[0m[[0m[33mwarn[0m] [0m[0m  +- /home/victor/Documents/1-Software-Development/trainee_program_scala/1-scala_professional/1-initial_setup/LSL-P-lightbend-scala-language-professional/exercises/project/CommonSettings.scala:14[0m
[0m[[0m[33mwarn[0m] [0m[0m* base / eclipseSkipProject[0m
[0m[[0m[33mwarn[0m] [0m[0m  +- /home/victor/Documents/1-Software-Development/trainee_program_scala/1-scala_professional/1-initial_setup/LSL-P-lightbend-scala-language-professional/exercises/project/CommonSettings.scala:17[0m
[0m[[0m[33mwarn[0m] [0m[0m* base / eclipseWithSource[0m
[0m[[0m[33mwarn[0m] [0m[0m  +- /home/victor/Documents/1-Software-Development/trainee_program_scala/1-scala_professional/1-initial_setup/LSL-P-lightbend-scala-language-professional/exercises/project/CommonSettings.scala:15[0m
[0m[[0m[33mwarn[0m] [0m[0m* common / eclipseEclipseOutput[0m
[0m[[0m[33mwarn[0m] [0m[0m  +- /home/victor/Documents/1-Software-Development/trainee_program_scala/1-scala_professional/1-initial_setup/LSL-P-lightbend-scala-language-professional/exercises/project/CommonSettings.scala:14[0m
[0m[[0m[33mwarn[0m] [0m[0m* common / eclipseSkipProject[0m
[0m[[0m[33mwarn[0m] [0m[0m  +- /home/victor/Documents/1-Software-Development/trainee_program_scala/1-scala_professional/1-initial_setup/LSL-P-lightbend-scala-language-professional/exercises/common/build.sbt:1[0m
[0m[[0m[33mwarn[0m] [0m[0m* common / eclipseWithSource[0m
[0m[[0m[33mwarn[0m] [0m[0m  +- /home/victor/Documents/1-Software-Development/trainee_program_scala/1-scala_professional/1-initial_setup/LSL-P-lightbend-scala-language-professional/exercises/project/CommonSettings.scala:15[0m
[0m[[0m[33mwarn[0m] [0m[0m* exercises / eclipseEclipseOutput[0m
[0m[[0m[33mwarn[0m] [0m[0m  +- /home/victor/Documents/1-Software-Development/trainee_program_scala/1-scala_professional/1-initial_setup/LSL-P-lightbend-scala-language-professional/exercises/project/CommonSettings.scala:14[0m
[0m[[0m[33mwarn[0m] [0m[0m* exercises / eclipseSkipProject[0m
[0m[[0m[33mwarn[0m] [0m[0m  +- /home/victor/Documents/1-Software-Development/trainee_program_scala/1-scala_professional/1-initial_setup/LSL-P-lightbend-scala-language-professional/exercises/exercises/build.sbt:1[0m
[0m[[0m[33mwarn[0m] [0m[0m* exercises / eclipseWithSource[0m
[0m[[0m[33mwarn[0m] [0m[0m  +- /home/victor/Documents/1-Software-Development/trainee_program_scala/1-scala_professional/1-initial_setup/LSL-P-lightbend-scala-language-professional/exercises/project/CommonSettings.scala:15[0m
[0m[[0m[33mwarn[0m] [0m[0m [0m
[0m[[0m[33mwarn[0m] [0m[0mnote: a setting might still be used by a command; to exclude a key from this `lintUnused` check[0m
[0m[[0m[33mwarn[0m] [0m[0meither append it to `Global / excludeLintKeys` or call .withRank(KeyRanks.Invisible) on the key[0m
[0m[[0m[0mdebug[0m] [0m[0m> Exec(sbtPopOnFailure, None, None)[0m
[0m[[0m[0mdebug[0m] [0m[0m> Exec(resumeFromFailure, None, None)[0m
[0m[[0m[0mdebug[0m] [0m[0m> Exec(notifyUsersAboutShell, None, None)[0m
[0m[[0m[0mdebug[0m] [0m[0m> Exec(iflast shell, None, None)[0m
[0m[[0m[0mdebug[0m] [0m[0m> Exec(console, None, None)[0m
[0m[[0m[0mdebug[0m] [0m[0mEvaluating tasks: Compile / console[0m
[0m[[0m[0mdebug[0m] [0m[0mRunning task... Cancel: Signal, check cycles: false, forcegc: true[0m
[0m[[0m[0minfo[0m] [0m[0mStarting scala interpreter...[0m
