[0m[[0m[0mdebug[0m] [0m[0m> Exec(reload, Some(43e9615a-f46c-4abc-ab32-c92a5ba34cd7), Some(CommandSource(console0)))[0m
[0m[[0m[0mdebug[0m] [0m[0m> Exec(sbtStashOnFailure, None, Some(CommandSource(console0)))[0m
[0m[[0m[0mdebug[0m] [0m[0m> Exec(onFailure loadFailed, None, Some(CommandSource(console0)))[0m
[0m[[0m[0mdebug[0m] [0m[0m> Exec(loadp, None, Some(CommandSource(console0)))[0m
[0m[[0m[0minfo[0m] [0m[0mwelcome to sbt 1.4.6 (Private Build Java 11.0.15)[0m
[0m[[0m[0mdebug[0m] [0m[0mLoad.defaultLoad until apply took 465.09481ms[0m
[0m[[0m[0mdebug[0m] [0m[0m          Load.loadUnit: plugins took 3350.768064ms[0m
[0m[[0m[0mdebug[0m] [0m[0m          Load.loadUnit: defsScala took 0.027079ms[0m
[0m[[0m[0mdebug[0m] [0m[0m[Loading] Scanning directory /home/victor/Documents/1-Software-Development/trainee_program_scala/1-scala_professional/1-initial_setup/LSL-P-lightbend-scala-language-professional/exercises/project[0m
[0m[[0m[0mdebug[0m] [0m[0m            Load.loadUnit: mkEval took 121.132004ms[0m
[0m[[0m[0mdebug[0m] [0m[0m[Loading] Found non-root projects [0m
[0m[[0m[0mdebug[0m] [0m[0m[Loading] Done in /home/victor/Documents/1-Software-Development/trainee_program_scala/1-scala_professional/1-initial_setup/LSL-P-lightbend-scala-language-professional/exercises/project, returning: ()[0m
[0m[[0m[0mdebug[0m] [0m[0mdeducing auto plugins based on known facts Set(Atom(sbt.plugins.CorePlugin)) and clauses Clauses(List(Clause(Atom(sbt.plugins.JvmPlugin),Set(Atom(sbt.plugins.IvyPlugin))), Clause(Atom(sbt.ScriptedPlugin),Set(Atom(sbt.plugins.JvmPlugin))), Clause(Atom(sbt.plugins.SbtPlugin),Set(Atom(sbt.ScriptedPlugin))), Clause(Atom(sbt.plugins.SemanticdbPlugin),Set(Atom(sbt.plugins.JvmPlugin))), Clause(Atom(sbt.plugins.JUnitXmlReportPlugin),Set(Atom(sbt.plugins.JvmPlugin))), Clause(Atom(sbt.plugins.MiniDependencyTreePlugin),Set(Atom(sbt.plugins.JvmPlugin))), Clause(Atom(sbt.plugins.CorePlugin),Set(Atom(sbt.plugins.IvyPlugin))), Clause(Atom(sbt.plugins.IvyPlugin),Set(Atom(sbt.plugins.JvmPlugin))), Clause(Atom(sbt.plugins.JvmPlugin),Set(Atom(sbt.plugins.SemanticdbPlugin))), Clause(Atom(sbt.plugins.JvmPlugin),Set(Atom(sbt.plugins.JUnitXmlReportPlugin))), Clause(Atom(sbt.plugins.CorePlugin),Set(Atom(sbt.plugins.Giter8TemplatePlugin))), Clause(Atom(sbt.plugins.JvmPlugin),Set(Atom(sbt.plugins.MiniDependencyTreePlugin)))))[0m
[0m[[0m[0mdebug[0m] [0m[0m  :: deduced result: Matched(sbt.plugins.CorePlugin,sbt.plugins.Giter8TemplatePlugin,sbt.plugins.IvyPlugin,sbt.plugins.JvmPlugin,sbt.plugins.MiniDependencyTreePlugin,sbt.plugins.JUnitXmlReportPlugin,sbt.plugins.SemanticdbPlugin)[0m
[0m[[0m[0mdebug[0m] [0m[0mPlugins.deducer#function took 33.673429 ms[0m
[0m[[0m[0minfo[0m] [0m[0mloading settings for project exercises-build from plugins.sbt ...[0m
[0m[[0m[0mdebug[0m] [0m[0m              Load.resolveProject(exercises-build) took 104.244174ms[0m
[0m[[0m[0mdebug[0m] [0m[0m            Load.loadTransitive: finalizeProject(Project(id exercises-build, base: /home/victor/Documents/1-Software-Development/trainee_program_scala/1-scala_professional/1-initial_setup/LSL-P-lightbend-scala-language-professional/exercises/project, plugins: List(<none>))) took 138.66386ms[0m
[0m[[0m[0mdebug[0m] [0m[0m[Loading] Done in /home/victor/Documents/1-Software-Development/trainee_program_scala/1-scala_professional/1-initial_setup/LSL-P-lightbend-scala-language-professional/exercises/project, returning: (exercises-build)[0m
[0m[[0m[0mdebug[0m] [0m[0m          Load.loadUnit: loadedProjectsRaw took 1417.070455ms[0m
[0m[[0m[0mdebug[0m] [0m[0m          Load.loadUnit: cleanEvalClasses took 0.802603ms[0m
[0m[[0m[0mdebug[0m] [0m[0m        Load.loadUnit(file:/home/victor/Documents/1-Software-Development/trainee_program_scala/1-scala_professional/1-initial_setup/LSL-P-lightbend-scala-language-professional/exercises/project/, ...) took 4921.796537ms[0m
[0m[[0m[0mdebug[0m] [0m[0m      Load.apply: load took 4947.783005ms[0m
[0m[[0m[0mdebug[0m] [0m[0m      Load.apply: resolveProjects took 0.164152ms[0m
[0m[[0m[0mdebug[0m] [0m[0m      Load.apply: finalTransforms took 79.887389ms[0m
[0m[[0m[0mdebug[0m] [0m[0m      Load.apply: config.delegates took 10.600966ms[0m
[0m[[0m[0mdebug[0m] [0m[0m      Load.apply: Def.make(settings)... took 3265.723727ms[0m
[0m[[0m[0mdebug[0m] [0m[0m      Load.apply: structureIndex took 1666.090048ms[0m
[0m[[0m[0mdebug[0m] [0m[0m      Load.apply: mkStreams took 0.02922ms[0m
[0m[[0m[0minfo[0m] [0m[0mloading project definition from /home/victor/Documents/1-Software-Development/trainee_program_scala/1-scala_professional/1-initial_setup/LSL-P-lightbend-scala-language-professional/exercises/project[0m
[0m[[0m[0mdebug[0m] [0m[0mRunning task... Cancel: Signal, check cycles: false, forcegc: true[0m
[0m[[0m[0mdebug[0m] [0m[0mForcing garbage collection...[0m
[0m[[0m[0mdebug[0m] [0m[0m    Load.loadUnit: plugins took 46423.354326ms[0m
[0m[[0m[0mdebug[0m] [0m[0m    Load.loadUnit: defsScala took 0.006964ms[0m
[0m[[0m[0mdebug[0m] [0m[0m[Loading] Scanning directory /home/victor/Documents/1-Software-Development/trainee_program_scala/1-scala_professional/1-initial_setup/LSL-P-lightbend-scala-language-professional/exercises[0m
[0m[[0m[0mdebug[0m] [0m[0m      Load.loadUnit: mkEval took 1.717839ms[0m
[0m[[0m[0mdebug[0m] [0m[0m[Loading] Found root project base w/ remaining common,exercises[0m
[0m[[0m[0mdebug[0m] [0m[0mdeducing auto plugins based on known facts Set(Atom(sbt.plugins.CorePlugin)) and clauses Clauses(List(Clause(Atom(sbt.plugins.JvmPlugin),Set(Atom(sbt.plugins.IvyPlugin))), Clause(Atom(sbt.ScriptedPlugin),Set(Atom(sbt.plugins.JvmPlugin))), Clause(Atom(sbt.plugins.SbtPlugin),Set(Atom(sbt.ScriptedPlugin))), Clause(Atom(sbt.plugins.SemanticdbPlugin),Set(Atom(sbt.plugins.JvmPlugin))), Clause(Atom(sbt.plugins.JUnitXmlReportPlugin),Set(Atom(sbt.plugins.JvmPlugin))), Clause(Atom(sbt.plugins.MiniDependencyTreePlugin),Set(Atom(sbt.plugins.JvmPlugin))), Clause(Atom(com.typesafe.sbteclipse.plugin.EclipsePlugin),Set(Atom(sbt.plugins.JvmPlugin))), Clause(Atom(com.typesafe.sbt.MultiJvmPlugin),Set(Atom(sbt.plugins.JvmPlugin))), Clause(Atom(sbtassembly.AssemblyPlugin),Set(Atom(sbt.plugins.JvmPlugin))), Clause(Atom(SavedStates),Set(Atom(sbt.plugins.JvmPlugin))), Clause(Atom(ShellPrompt),Set(Atom(sbt.plugins.JvmPlugin))), Clause(Atom(Man),Set(Atom(sbt.plugins.JvmPlugin))), Clause(Atom(Navigation),Set(Atom(sbt.plugins.JvmPlugin))), Clause(Atom(sbt.plugins.CorePlugin),Set(Atom(sbt.plugins.IvyPlugin))), Clause(Atom(sbt.plugins.IvyPlugin),Set(Atom(sbt.plugins.JvmPlugin))), Clause(Atom(sbt.plugins.JvmPlugin),Set(Atom(sbt.plugins.SemanticdbPlugin))), Clause(Atom(sbt.plugins.JvmPlugin),Set(Atom(sbt.plugins.JUnitXmlReportPlugin))), Clause(Atom(sbt.plugins.CorePlugin),Set(Atom(sbt.plugins.Giter8TemplatePlugin))), Clause(Atom(sbt.plugins.JvmPlugin),Set(Atom(sbt.plugins.MiniDependencyTreePlugin))), Clause(Atom(sbt.plugins.JvmPlugin),Set(Atom(com.typesafe.sbteclipse.plugin.EclipsePlugin))), Clause(Atom(sbt.plugins.JvmPlugin),Set(Atom(sbtassembly.AssemblyPlugin))), Clause(Atom(sbt.plugins.JvmPlugin),Set(Atom(SavedStates))), Clause(Atom(sbt.plugins.JvmPlugin),Set(Atom(ShellPrompt))), Clause(Atom(sbt.plugins.JvmPlugin),Set(Atom(Man))), Clause(Atom(sbt.plugins.JvmPlugin),Set(Atom(Navigation)))))[0m
[0m[[0m[0mdebug[0m] [0m[0m  :: deduced result: Matched(sbt.plugins.CorePlugin,sbt.plugins.Giter8TemplatePlugin,sbt.plugins.IvyPlugin,sbt.plugins.JvmPlugin,Navigation,ShellPrompt,SavedStates,com.typesafe.sbteclipse.plugin.EclipsePlugin,sbt.plugins.SemanticdbPlugin,sbt.plugins.JUnitXmlReportPlugin,sbtassembly.AssemblyPlugin,sbt.plugins.MiniDependencyTreePlugin,Man)[0m
[0m[[0m[0mdebug[0m] [0m[0mPlugins.deducer#function took 52.407514 ms[0m
[0m[[0m[0minfo[0m] [0m[0mloading settings for project base from build.sbt ...[0m
[0m[[0m[0mdebug[0m] [0m[0m        Load.resolveProject(base) took 98.148628ms[0m
[0m[[0m[0mdebug[0m] [0m[0m      Load.loadTransitive: finalizeProject(Project(id base, base: /home/victor/Documents/1-Software-Development/trainee_program_scala/1-scala_professional/1-initial_setup/LSL-P-lightbend-scala-language-professional/exercises, aggregate: List(LocalProject(common), LocalProject(exercises)), plugins: List(<none>))) took 152.282035ms[0m
[0m[[0m[0mdebug[0m] [0m[0m[Loading] Loading project common @ /home/victor/Documents/1-Software-Development/trainee_program_scala/1-scala_professional/1-initial_setup/LSL-P-lightbend-scala-language-professional/exercises/common[0m
[0m[[0m[0mdebug[0m] [0m[0mdeducing auto plugins based on known facts Set(Atom(sbt.plugins.CorePlugin)) and clauses Clauses(List(Clause(Atom(sbt.plugins.JvmPlugin),Set(Atom(sbt.plugins.IvyPlugin))), Clause(Atom(sbt.ScriptedPlugin),Set(Atom(sbt.plugins.JvmPlugin))), Clause(Atom(sbt.plugins.SbtPlugin),Set(Atom(sbt.ScriptedPlugin))), Clause(Atom(sbt.plugins.SemanticdbPlugin),Set(Atom(sbt.plugins.JvmPlugin))), Clause(Atom(sbt.plugins.JUnitXmlReportPlugin),Set(Atom(sbt.plugins.JvmPlugin))), Clause(Atom(sbt.plugins.MiniDependencyTreePlugin),Set(Atom(sbt.plugins.JvmPlugin))), Clause(Atom(com.typesafe.sbteclipse.plugin.EclipsePlugin),Set(Atom(sbt.plugins.JvmPlugin))), Clause(Atom(com.typesafe.sbt.MultiJvmPlugin),Set(Atom(sbt.plugins.JvmPlugin))), Clause(Atom(sbtassembly.AssemblyPlugin),Set(Atom(sbt.plugins.JvmPlugin))), Clause(Atom(SavedStates),Set(Atom(sbt.plugins.JvmPlugin))), Clause(Atom(ShellPrompt),Set(Atom(sbt.plugins.JvmPlugin))), Clause(Atom(Man),Set(Atom(sbt.plugins.JvmPlugin))), Clause(Atom(Navigation),Set(Atom(sbt.plugins.JvmPlugin))), Clause(Atom(sbt.plugins.CorePlugin),Set(Atom(sbt.plugins.IvyPlugin))), Clause(Atom(sbt.plugins.IvyPlugin),Set(Atom(sbt.plugins.JvmPlugin))), Clause(Atom(sbt.plugins.JvmPlugin),Set(Atom(sbt.plugins.SemanticdbPlugin))), Clause(Atom(sbt.plugins.JvmPlugin),Set(Atom(sbt.plugins.JUnitXmlReportPlugin))), Clause(Atom(sbt.plugins.CorePlugin),Set(Atom(sbt.plugins.Giter8TemplatePlugin))), Clause(Atom(sbt.plugins.JvmPlugin),Set(Atom(sbt.plugins.MiniDependencyTreePlugin))), Clause(Atom(sbt.plugins.JvmPlugin),Set(Atom(com.typesafe.sbteclipse.plugin.EclipsePlugin))), Clause(Atom(sbt.plugins.JvmPlugin),Set(Atom(sbtassembly.AssemblyPlugin))), Clause(Atom(sbt.plugins.JvmPlugin),Set(Atom(SavedStates))), Clause(Atom(sbt.plugins.JvmPlugin),Set(Atom(ShellPrompt))), Clause(Atom(sbt.plugins.JvmPlugin),Set(Atom(Man))), Clause(Atom(sbt.plugins.JvmPlugin),Set(Atom(Navigation)))))[0m
[0m[[0m[0mdebug[0m] [0m[0m  :: deduced result: Matched(sbt.plugins.CorePlugin,sbt.plugins.Giter8TemplatePlugin,sbt.plugins.IvyPlugin,sbt.plugins.JvmPlugin,Navigation,ShellPrompt,SavedStates,com.typesafe.sbteclipse.plugin.EclipsePlugin,sbt.plugins.SemanticdbPlugin,sbt.plugins.JUnitXmlReportPlugin,sbtassembly.AssemblyPlugin,sbt.plugins.MiniDependencyTreePlugin,Man)[0m
[0m[[0m[0mdebug[0m] [0m[0mPlugins.deducer#function took 2.114381 ms[0m
[0m[[0m[0minfo[0m] [0m[0mloading settings for project common from build.sbt ...[0m
[0m[[0m[0mdebug[0m] [0m[0m      Load.resolveProject(common) took 1.593958ms[0m
[0m[[0m[0mdebug[0m] [0m[0m[Loading] Loading project exercises @ /home/victor/Documents/1-Software-Development/trainee_program_scala/1-scala_professional/1-initial_setup/LSL-P-lightbend-scala-language-professional/exercises/exercises[0m
[0m[[0m[0mdebug[0m] [0m[0mdeducing auto plugins based on known facts Set(Atom(sbt.plugins.CorePlugin)) and clauses Clauses(List(Clause(Atom(sbt.plugins.JvmPlugin),Set(Atom(sbt.plugins.IvyPlugin))), Clause(Atom(sbt.ScriptedPlugin),Set(Atom(sbt.plugins.JvmPlugin))), Clause(Atom(sbt.plugins.SbtPlugin),Set(Atom(sbt.ScriptedPlugin))), Clause(Atom(sbt.plugins.SemanticdbPlugin),Set(Atom(sbt.plugins.JvmPlugin))), Clause(Atom(sbt.plugins.JUnitXmlReportPlugin),Set(Atom(sbt.plugins.JvmPlugin))), Clause(Atom(sbt.plugins.MiniDependencyTreePlugin),Set(Atom(sbt.plugins.JvmPlugin))), Clause(Atom(com.typesafe.sbteclipse.plugin.EclipsePlugin),Set(Atom(sbt.plugins.JvmPlugin))), Clause(Atom(com.typesafe.sbt.MultiJvmPlugin),Set(Atom(sbt.plugins.JvmPlugin))), Clause(Atom(sbtassembly.AssemblyPlugin),Set(Atom(sbt.plugins.JvmPlugin))), Clause(Atom(SavedStates),Set(Atom(sbt.plugins.JvmPlugin))), Clause(Atom(ShellPrompt),Set(Atom(sbt.plugins.JvmPlugin))), Clause(Atom(Man),Set(Atom(sbt.plugins.JvmPlugin))), Clause(Atom(Navigation),Set(Atom(sbt.plugins.JvmPlugin))), Clause(Atom(sbt.plugins.CorePlugin),Set(Atom(sbt.plugins.IvyPlugin))), Clause(Atom(sbt.plugins.IvyPlugin),Set(Atom(sbt.plugins.JvmPlugin))), Clause(Atom(sbt.plugins.JvmPlugin),Set(Atom(sbt.plugins.SemanticdbPlugin))), Clause(Atom(sbt.plugins.JvmPlugin),Set(Atom(sbt.plugins.JUnitXmlReportPlugin))), Clause(Atom(sbt.plugins.CorePlugin),Set(Atom(sbt.plugins.Giter8TemplatePlugin))), Clause(Atom(sbt.plugins.JvmPlugin),Set(Atom(sbt.plugins.MiniDependencyTreePlugin))), Clause(Atom(sbt.plugins.JvmPlugin),Set(Atom(com.typesafe.sbteclipse.plugin.EclipsePlugin))), Clause(Atom(sbt.plugins.JvmPlugin),Set(Atom(sbtassembly.AssemblyPlugin))), Clause(Atom(sbt.plugins.JvmPlugin),Set(Atom(SavedStates))), Clause(Atom(sbt.plugins.JvmPlugin),Set(Atom(ShellPrompt))), Clause(Atom(sbt.plugins.JvmPlugin),Set(Atom(Man))), Clause(Atom(sbt.plugins.JvmPlugin),Set(Atom(Navigation)))))[0m
[0m[[0m[0mdebug[0m] [0m[0m  :: deduced result: Matched(sbt.plugins.CorePlugin,sbt.plugins.Giter8TemplatePlugin,sbt.plugins.IvyPlugin,sbt.plugins.JvmPlugin,Navigation,ShellPrompt,SavedStates,com.typesafe.sbteclipse.plugin.EclipsePlugin,sbt.plugins.SemanticdbPlugin,sbt.plugins.JUnitXmlReportPlugin,sbtassembly.AssemblyPlugin,sbt.plugins.MiniDependencyTreePlugin,Man)[0m
[0m[[0m[0mdebug[0m] [0m[0mPlugins.deducer#function took 2.011864 ms[0m
[0m[[0m[0minfo[0m] [0m[0mloading settings for project exercises from build.sbt ...[0m
[0m[[0m[0mdebug[0m] [0m[0m      Load.resolveProject(exercises) took 1.55953ms[0m
[0m[[0m[0mdebug[0m] [0m[0m[Loading] Done in /home/victor/Documents/1-Software-Development/trainee_program_scala/1-scala_professional/1-initial_setup/LSL-P-lightbend-scala-language-professional/exercises, returning: (base, common, exercises)[0m
[0m[[0m[0mdebug[0m] [0m[0m    Load.loadUnit: loadedProjectsRaw took 1202.086804ms[0m
[0m[[0m[0mdebug[0m] [0m[0m    Load.loadUnit: cleanEvalClasses took 1.193879ms[0m
[0m[[0m[0mdebug[0m] [0m[0m  Load.loadUnit(file:/home/victor/Documents/1-Software-Development/trainee_program_scala/1-scala_professional/1-initial_setup/LSL-P-lightbend-scala-language-professional/exercises/, ...) took 47627.29476ms[0m
[0m[[0m[0mdebug[0m] [0m[0mLoad.apply: load took 47669.720409ms[0m
[0m[[0m[0mdebug[0m] [0m[0mLoad.apply: resolveProjects took 0.274121ms[0m
[0m[[0m[0mdebug[0m] [0m[0mLoad.apply: finalTransforms took 32.521579ms[0m
[0m[[0m[0mdebug[0m] [0m[0mLoad.apply: config.delegates took 0.882881ms[0m
[0m[[0m[0mdebug[0m] [0m[0mLoad.apply: Def.make(settings)... took 1885.1114ms[0m
[0m[[0m[0mdebug[0m] [0m[0mLoad.apply: structureIndex took 150.745183ms[0m
[0m[[0m[0mdebug[0m] [0m[0mLoad.apply: mkStreams took 0.003413ms[0m
[0m[[0m[0minfo[0m] [0m[0mset current project to exercises (in build file:/home/victor/Documents/1-Software-Development/trainee_program_scala/1-scala_professional/1-initial_setup/LSL-P-lightbend-scala-language-professional/exercises/)[0m
[0m[[0m[0minfo[0m] [0m[0mset current project to exercises (in build file:/home/victor/Documents/1-Software-Development/trainee_program_scala/1-scala_professional/1-initial_setup/LSL-P-lightbend-scala-language-professional/exercises/)[0m
[0m[[0m[33mwarn[0m] [0m[0mthere are 10 keys that are not used by any other settings/tasks:[0m
[0m[[0m[33mwarn[0m] [0m[0m [0m
[0m[[0m[33mwarn[0m] [0m[0m* ThisBuild / eclipseSkipParents[0m
[0m[[0m[33mwarn[0m] [0m[0m  +- /home/victor/Documents/1-Software-Development/trainee_program_scala/1-scala_professional/1-initial_setup/LSL-P-lightbend-scala-language-professional/exercises/project/CommonSettings.scala:16[0m
[0m[[0m[33mwarn[0m] [0m[0m* base / eclipseEclipseOutput[0m
[0m[[0m[33mwarn[0m] [0m[0m  +- /home/victor/Documents/1-Software-Development/trainee_program_scala/1-scala_professional/1-initial_setup/LSL-P-lightbend-scala-language-professional/exercises/project/CommonSettings.scala:14[0m
[0m[[0m[33mwarn[0m] [0m[0m* base / eclipseSkipProject[0m
[0m[[0m[33mwarn[0m] [0m[0m  +- /home/victor/Documents/1-Software-Development/trainee_program_scala/1-scala_professional/1-initial_setup/LSL-P-lightbend-scala-language-professional/exercises/project/CommonSettings.scala:17[0m
[0m[[0m[33mwarn[0m] [0m[0m* base / eclipseWithSource[0m
[0m[[0m[33mwarn[0m] [0m[0m  +- /home/victor/Documents/1-Software-Development/trainee_program_scala/1-scala_professional/1-initial_setup/LSL-P-lightbend-scala-language-professional/exercises/project/CommonSettings.scala:15[0m
[0m[[0m[33mwarn[0m] [0m[0m* common / eclipseEclipseOutput[0m
[0m[[0m[33mwarn[0m] [0m[0m  +- /home/victor/Documents/1-Software-Development/trainee_program_scala/1-scala_professional/1-initial_setup/LSL-P-lightbend-scala-language-professional/exercises/project/CommonSettings.scala:14[0m
[0m[[0m[33mwarn[0m] [0m[0m* common / eclipseSkipProject[0m
[0m[[0m[33mwarn[0m] [0m[0m  +- /home/victor/Documents/1-Software-Development/trainee_program_scala/1-scala_professional/1-initial_setup/LSL-P-lightbend-scala-language-professional/exercises/common/build.sbt:1[0m
[0m[[0m[33mwarn[0m] [0m[0m* common / eclipseWithSource[0m
[0m[[0m[33mwarn[0m] [0m[0m  +- /home/victor/Documents/1-Software-Development/trainee_program_scala/1-scala_professional/1-initial_setup/LSL-P-lightbend-scala-language-professional/exercises/project/CommonSettings.scala:15[0m
[0m[[0m[33mwarn[0m] [0m[0m* exercises / eclipseEclipseOutput[0m
[0m[[0m[33mwarn[0m] [0m[0m  +- /home/victor/Documents/1-Software-Development/trainee_program_scala/1-scala_professional/1-initial_setup/LSL-P-lightbend-scala-language-professional/exercises/project/CommonSettings.scala:14[0m
[0m[[0m[33mwarn[0m] [0m[0m* exercises / eclipseSkipProject[0m
[0m[[0m[33mwarn[0m] [0m[0m  +- /home/victor/Documents/1-Software-Development/trainee_program_scala/1-scala_professional/1-initial_setup/LSL-P-lightbend-scala-language-professional/exercises/exercises/build.sbt:1[0m
[0m[[0m[33mwarn[0m] [0m[0m* exercises / eclipseWithSource[0m
[0m[[0m[33mwarn[0m] [0m[0m  +- /home/victor/Documents/1-Software-Development/trainee_program_scala/1-scala_professional/1-initial_setup/LSL-P-lightbend-scala-language-professional/exercises/project/CommonSettings.scala:15[0m
[0m[[0m[33mwarn[0m] [0m[0m [0m
[0m[[0m[33mwarn[0m] [0m[0mnote: a setting might still be used by a command; to exclude a key from this `lintUnused` check[0m
[0m[[0m[33mwarn[0m] [0m[0meither append it to `Global / excludeLintKeys` or call .withRank(KeyRanks.Invisible) on the key[0m
[0m[[0m[0mdebug[0m] [0m[0m> Exec(sbtPopOnFailure, None, Some(CommandSource(console0)))[0m
[0m[[0m[0mdebug[0m] [0m[0m> Exec(resumeFromFailure, None, Some(CommandSource(console0)))[0m
[0m[[0m[0mdebug[0m] [0m[0m> Exec(shell, None, None)[0m
[0m[[0m[0mdebug[0m] [0m[0mForcing garbage collection...[0m
[0m[[0m[0minfo[0m] [0m[0mshutting down sbt server[0m
